<?xml version="1.0" encoding="UTF-8"?>
<!-- Generated by org.testng.reporters.JUnitXMLReporter -->
<testsuite ignored="4" hostname="AMIT_PC" failures="0" tests="1" name="Test(failed)(failed)" time="13.315" errors="0" timestamp="2025-02-14T21:47:32 IST">
  <testcase classname="com.qa.testcases.TS001" name="TS001_TC001" time="13.258"/>
  <testcase classname="com.qa.testcases.TS001" name="TS001_TC005" time="0.0">
    <ignored/>
  </testcase> <!-- TS001_TC005 -->
  <testcase classname="com.qa.testcases.TS001" name="TS001_TC004" time="0.0">
    <ignored/>
  </testcase> <!-- TS001_TC004 -->
  <testcase classname="com.qa.testcases.TS001" name="TS001_TC003" time="0.0">
    <ignored/>
  </testcase> <!-- TS001_TC003 -->
  <testcase classname="com.qa.testcases.TS001" name="TS001_TC002" time="0.0">
    <ignored/>
  </testcase> <!-- TS001_TC002 -->
</testsuite> <!-- Test(failed)(failed) -->
