<?xml version="1.0" encoding="UTF-8"?>
<!-- Generated by org.testng.reporters.JUnitXMLReporter -->
<testsuite ignored="0" hostname="AMIT_PC" failures="1" tests="5" name="Test" time="12.063" errors="0" timestamp="2025-02-16T14:02:07 IST">
  <testcase classname="com.qa.testcases.TS001" name="TS001_TC001" time="4.027"/>
  <testcase classname="com.qa.testcases.TS001" name="TS001_TC002" time="1.834"/>
  <testcase classname="com.qa.testcases.TS001" name="TS001_TC003" time="1.689"/>
  <testcase classname="com.qa.testcases.TS001" name="TS001_TC004" time="2.408">
    <failure type="java.lang.AssertionError" message="The following asserts failed:
	expected [This is a required field.11] but found [This is a required field.]">
      <![CDATA[java.lang.AssertionError: The following asserts failed:
expected [This is a required field.11] but found [This is a required field.]
at com.qa.testcases.TS001.TS001_TC004(TS001.java:145)
at java.base/java.util.ArrayList.forEach(ArrayList.java:1597)
... Removed 31 stack frames]]>
    </failure>
  </testcase> <!-- TS001_TC004 -->
  <testcase classname="com.qa.testcases.TS001" name="TS001_TC005" time="1.542"/>
</testsuite> <!-- Test -->
